[0.626s] DEBUG:colcon:Command line arguments: ['/usr/bin/colcon', 'build']
[0.626s] DEBUG:colcon:Parsed command line arguments: Namespace(log_base=None, log_level=None, verb_name='build', build_base='build', install_base='install', merge_install=False, symlink_install=False, test_result_base=None, continue_on_error=False, executor='parallel', parallel_workers=20, event_handlers=None, ignore_user_meta=False, metas=['./colcon.meta'], base_paths=['.'], packages_ignore=None, packages_ignore_regex=None, paths=None, packages_up_to=None, packages_up_to_regex=None, packages_above=None, packages_above_and_dependencies=None, packages_above_depth=None, packages_select_by_dep=None, packages_skip_by_dep=None, packages_skip_up_to=None, packages_select_build_failed=False, packages_skip_build_finished=False, packages_select_test_failures=False, packages_skip_test_passed=False, packages_select=None, packages_skip=None, packages_select_regex=None, packages_skip_regex=None, packages_start=None, packages_end=None, allow_overriding=[], cmake_args=None, cmake_target=None, cmake_target_skip_unavailable=False, cmake_clean_cache=False, cmake_clean_first=False, cmake_force_configure=False, ament_cmake_args=None, catkin_cmake_args=None, catkin_skip_building_tests=False, verb_parser=<colcon_defaults.argument_parser.defaults.DefaultArgumentsDecorator object at 0x7f70185af9a0>, verb_extension=<colcon_core.verb.build.BuildVerb object at 0x7f70185af490>, main=<bound method BuildVerb.main of <colcon_core.verb.build.BuildVerb object at 0x7f70185af490>>)
[0.932s] Level 1:colcon.colcon_core.package_discovery:discover_packages(colcon_meta) check parameters
[0.932s] Level 1:colcon.colcon_core.package_discovery:discover_packages(recursive) check parameters
[0.932s] Level 1:colcon.colcon_core.package_discovery:discover_packages(ignore) check parameters
[0.932s] Level 1:colcon.colcon_core.package_discovery:discover_packages(path) check parameters
[0.932s] Level 1:colcon.colcon_core.package_discovery:discover_packages(colcon_meta) discover
[0.932s] Level 1:colcon.colcon_core.package_discovery:discover_packages(recursive) discover
[0.933s] INFO:colcon.colcon_core.package_discovery:Crawling recursively for packages in '/home/ruali/chapt6/chapt6_ws/src/fishbot_description/urdf'
[0.933s] Level 1:colcon.colcon_core.package_identification:_identify(.) by extensions ['ignore', 'ignore_ament_install']
[0.933s] Level 1:colcon.colcon_core.package_identification:_identify(.) by extension 'ignore'
[0.933s] Level 1:colcon.colcon_core.package_identification:_identify(.) by extension 'ignore_ament_install'
[0.933s] Level 1:colcon.colcon_core.package_identification:_identify(.) by extensions ['colcon_pkg']
[0.933s] Level 1:colcon.colcon_core.package_identification:_identify(.) by extension 'colcon_pkg'
[0.933s] Level 1:colcon.colcon_core.package_identification:_identify(.) by extensions ['colcon_meta']
[0.933s] Level 1:colcon.colcon_core.package_identification:_identify(.) by extension 'colcon_meta'
[0.933s] Level 1:colcon.colcon_core.package_identification:_identify(.) by extensions ['ros']
[0.933s] Level 1:colcon.colcon_core.package_identification:_identify(.) by extension 'ros'
[0.949s] Level 1:colcon.colcon_core.package_identification:_identify(.) by extensions ['cmake', 'python']
[0.949s] Level 1:colcon.colcon_core.package_identification:_identify(.) by extension 'cmake'
[0.949s] Level 1:colcon.colcon_core.package_identification:_identify(.) by extension 'python'
[0.949s] Level 1:colcon.colcon_core.package_identification:_identify(.) by extensions ['python_setup_py']
[0.949s] Level 1:colcon.colcon_core.package_identification:_identify(.) by extension 'python_setup_py'
[0.949s] Level 1:colcon.colcon_core.package_identification:_identify(build) by extensions ['ignore', 'ignore_ament_install']
[0.949s] Level 1:colcon.colcon_core.package_identification:_identify(build) by extension 'ignore'
[0.949s] Level 1:colcon.colcon_core.package_identification:_identify(build) ignored
[0.949s] Level 1:colcon.colcon_core.package_identification:_identify(install) by extensions ['ignore', 'ignore_ament_install']
[0.949s] Level 1:colcon.colcon_core.package_identification:_identify(install) by extension 'ignore'
[0.949s] Level 1:colcon.colcon_core.package_identification:_identify(install) ignored
[0.949s] Level 1:colcon.colcon_core.package_identification:_identify(log) by extensions ['ignore', 'ignore_ament_install']
[0.950s] Level 1:colcon.colcon_core.package_identification:_identify(log) by extension 'ignore'
[0.950s] Level 1:colcon.colcon_core.package_identification:_identify(log) ignored
[0.950s] Level 1:colcon.colcon_core.package_discovery:discover_packages(recursive) using defaults
[0.950s] Level 1:colcon.colcon_core.package_discovery:discover_packages(ignore) discover
[0.950s] Level 1:colcon.colcon_core.package_discovery:discover_packages(ignore) using defaults
[0.950s] Level 1:colcon.colcon_core.package_discovery:discover_packages(path) discover
[0.950s] Level 1:colcon.colcon_core.package_discovery:discover_packages(path) using defaults
[0.983s] Level 1:colcon.colcon_core.package_discovery:discover_packages(prefix_path) check parameters
[0.984s] Level 1:colcon.colcon_core.package_discovery:discover_packages(prefix_path) discover
[0.988s] DEBUG:colcon.colcon_installed_package_information.package_discovery:Found 272 installed packages in /opt/ros/humble
[0.989s] Level 1:colcon.colcon_core.package_discovery:discover_packages(prefix_path) using defaults
[1.040s] INFO:colcon.colcon_core.executor:Executing jobs using 'parallel' executor
[1.041s] DEBUG:colcon.colcon_parallel_executor.executor.parallel:run_until_complete
[1.042s] DEBUG:colcon.colcon_parallel_executor.executor.parallel:closing loop
[1.042s] DEBUG:colcon.colcon_parallel_executor.executor.parallel:loop closed
[1.042s] DEBUG:colcon.colcon_parallel_executor.executor.parallel:run_until_complete finished with '0'
[1.042s] DEBUG:colcon.colcon_core.event_reactor:joining thread
[1.134s] INFO:colcon.colcon_core.plugin_system:Skipping extension 'colcon_notification.desktop_notification.notify_send': Could not find 'notify-send'
[1.134s] INFO:colcon.colcon_core.plugin_system:Skipping extension 'colcon_notification.desktop_notification.terminal_notifier': Not used on non-Darwin systems
[1.135s] INFO:colcon.colcon_core.plugin_system:Skipping extension 'colcon_notification.desktop_notification.win32': Not used on non-Windows systems
[1.135s] INFO:colcon.colcon_notification.desktop_notification:Sending desktop notification using 'notify2'
[1.154s] DEBUG:colcon.colcon_notification.desktop_notification.notify2:Failed to initialize notify2: org.freedesktop.DBus.Error.ServiceUnknown: The name org.freedesktop.Notifications was not provided by any .service files
[1.155s] DEBUG:colcon.colcon_core.event_reactor:joined thread
[1.162s] INFO:colcon.colcon_core.plugin_system:Skipping extension 'colcon_core.shell.bat': Not used on non-Windows systems
[1.162s] INFO:colcon.colcon_core.shell:Creating prefix script '/home/ruali/chapt6/chapt6_ws/src/fishbot_description/urdf/install/local_setup.ps1'
[1.164s] INFO:colcon.colcon_core.shell:Creating prefix util module '/home/ruali/chapt6/chapt6_ws/src/fishbot_description/urdf/install/_local_setup_util_ps1.py'
[1.166s] INFO:colcon.colcon_core.shell:Creating prefix chain script '/home/ruali/chapt6/chapt6_ws/src/fishbot_description/urdf/install/setup.ps1'
[1.167s] INFO:colcon.colcon_core.shell:Creating prefix script '/home/ruali/chapt6/chapt6_ws/src/fishbot_description/urdf/install/local_setup.sh'
[1.168s] INFO:colcon.colcon_core.shell:Creating prefix util module '/home/ruali/chapt6/chapt6_ws/src/fishbot_description/urdf/install/_local_setup_util_sh.py'
[1.168s] INFO:colcon.colcon_core.shell:Creating prefix chain script '/home/ruali/chapt6/chapt6_ws/src/fishbot_description/urdf/install/setup.sh'
[1.171s] INFO:colcon.colcon_core.shell:Creating prefix script '/home/ruali/chapt6/chapt6_ws/src/fishbot_description/urdf/install/local_setup.bash'
[1.172s] INFO:colcon.colcon_core.shell:Creating prefix chain script '/home/ruali/chapt6/chapt6_ws/src/fishbot_description/urdf/install/setup.bash'
[1.173s] INFO:colcon.colcon_core.shell:Creating prefix script '/home/ruali/chapt6/chapt6_ws/src/fishbot_description/urdf/install/local_setup.zsh'
[1.174s] INFO:colcon.colcon_core.shell:Creating prefix chain script '/home/ruali/chapt6/chapt6_ws/src/fishbot_description/urdf/install/setup.zsh'
